<?xml version="1.0" encoding="utf-8"?><testsuites><testsuite errors="0" failures="1" hostname="beck-PC" name="pytest" skipped="0" tests="1" time="65.435" timestamp="2020-04-19T15:58:27.326465"><testcase classname="test_cases.test_invest.TestInvest" file="test_cases\test_invest.py" line="9" name="test_invest_success" time="64.397"><failure message="selenium.common.exceptions.TimeoutException: Message:">self = &lt;test_cases.test_invest.TestInvest object at 0x000000000CFE5828&gt;
common_driver = &lt;appium.webdriver.webdriver.WebDriver (session=&quot;bb95c280-9bc9-46bc-812c-47d95257ff2f&quot;)&gt;

    @pytest.mark.fail
    #@pytest.mark.flaky(reruns=1, reruns_delay=2)
    def test_invest_success(self, common_driver):
        WelcomePage(common_driver).swipe_screen()
        WelcomePage(common_driver).click_experience_now()
        LoginPage(common_driver).click_register_login()
        LoginPage(common_driver).input_phone(login_success_data[&quot;phone&quot;])
&gt;       LoginPage(common_driver).input_pwd(login_success_data[&quot;pwd&quot;])

test_cases\test_invest.py:17: 
_ _ _ _ _ _ _ _ _ _ _ _ _ _ _ _ _ _ _ _ _ _ _ _ _ _ _ _ _ _ _ _ _ _ _ _ _ _ _ _
page_objects\login_page.py:29: in input_pwd
    self.get_element(self.input_pwd_id).send_keys(pwd)
page_objects\base_page.py:30: in get_element
    self.wait_eleVisible(locator, by, wait_time)
page_objects\base_page.py:20: in wait_eleVisible
    WebDriverWait(self.driver, wait_time).until(EC.visibility_of_element_located((by, locator)))
_ _ _ _ _ _ _ _ _ _ _ _ _ _ _ _ _ _ _ _ _ _ _ _ _ _ _ _ _ _ _ _ _ _ _ _ _ _ _ _

self = &lt;selenium.webdriver.support.wait.WebDriverWait (session=&quot;bb95c280-9bc9-46bc-812c-47d95257ff2f&quot;)&gt;
method = &lt;selenium.webdriver.support.expected_conditions.visibility_of_element_located object at 0x000000000D0132E8&gt;
message = &apos;&apos;

    def until(self, method, message=&apos;&apos;):
        &quot;&quot;&quot;Calls the method provided with the driver as an argument until the \
        return value is not False.&quot;&quot;&quot;
        screen = None
        stacktrace = None
    
        end_time = time.time() + self._timeout
        while True:
            try:
                value = method(self._driver)
                if value:
                    return value
            except self._ignored_exceptions as exc:
                screen = getattr(exc, &apos;screen&apos;, None)
                stacktrace = getattr(exc, &apos;stacktrace&apos;, None)
            time.sleep(self._poll)
            if time.time() &gt; end_time:
                break
&gt;       raise TimeoutException(message, screen, stacktrace)
E       selenium.common.exceptions.TimeoutException: Message:

D:\program\Python37\lib\site-packages\selenium\webdriver\support\wait.py:80: TimeoutException</failure><system-err>Sun, 19 Apr 2020 15:58:29  remote_connection.py  __init__ [line:117] INFO Could not connect to port 4725 on host 127.0.0.1
Sun, 19 Apr 2020 15:58:29  remote_connection.py  __init__ [line:136] INFO Could not get IP address for host: 127.0.0.1
Sun, 19 Apr 2020 15:58:30  connectionpool.py  urlopen [line:662] WARNING Retrying (Retry(total=2, connect=None, read=None, redirect=None, status=None)) after connection broken by &apos;NewConnectionError(&apos;&lt;urllib3.connection.HTTPConnection object at 0x000000000D013438&gt;: Failed to establish a new connection: [WinError 10061] 由于目标计算机积极拒绝，无法连接。&apos;)&apos;: /wd/hub/session
</system-err></testcase></testsuite></testsuites>